Using pre-set license
Built from '2020.3/staging' branch; Version is '2020.3.0f1 (c7b5465681fb) revision 13088070'; Using compiler version '192528614'; Build Type 'Release'
OS: 'Windows 10 Home Single Language; OS build 19043.1110; Version 2009; 64bit' Language: 'en' Physical Memory: 6082 MB
BatchMode: 1, IsHumanControllingUs: 0, StartBugReporterOnCrash: 0, Is64bit: 1, IsPro: 0

 COMMAND LINE ARGUMENTS:
C:\Program Files\Unity\Hub\Editor\2020.3.0f1\Editor\Unity.exe
-adb2
-batchMode
-noUpm
-name
AssetImportWorker0
-projectPath
D:/UnityLearn project 5(UI)/Unity.Learn-Prototype-5/Unity.Learn Prototype-5
-logFile
Logs/AssetImportWorker0.log
-srvPort
1026
Successfully changed project path to: D:/UnityLearn project 5(UI)/Unity.Learn-Prototype-5/Unity.Learn Prototype-5
D:/UnityLearn project 5(UI)/Unity.Learn-Prototype-5/Unity.Learn Prototype-5
Using Asset Import Pipeline V2.
Refreshing native plugins compatible for Editor in 28.00 ms, found 0 plugins.
Preloading 0 native plugins for Editor in 0.00 ms.
Initialize engine version: 2020.3.0f1 (c7b5465681fb)
[Subsystems] Discovering subsystems at path C:/Program Files/Unity/Hub/Editor/2020.3.0f1/Editor/Data/Resources/UnitySubsystems
[Subsystems] Discovering subsystems at path D:/UnityLearn project 5(UI)/Unity.Learn-Prototype-5/Unity.Learn Prototype-5/Assets
GfxDevice: creating device client; threaded=0
Direct3D:
    Version:  Direct3D 11.0 [level 11.1]
    Renderer: Radeon RX 560X Series (ID=0x67ef)
    Vendor:   
    VRAM:     4077 MB
    Driver:   27.20.1028.1
Initialize mono
Mono path[0] = 'C:/Program Files/Unity/Hub/Editor/2020.3.0f1/Editor/Data/Managed'
Mono path[1] = 'C:/Program Files/Unity/Hub/Editor/2020.3.0f1/Editor/Data/MonoBleedingEdge/lib/mono/unityjit'
Mono config path = 'C:/Program Files/Unity/Hub/Editor/2020.3.0f1/Editor/Data/MonoBleedingEdge/etc'
Using monoOptions --debugger-agent=transport=dt_socket,embedding=1,server=y,suspend=n,address=127.0.0.1:56280
Begin MonoManager ReloadAssembly
Registering precompiled unity dll's ...
Register platform support module: C:/Program Files/Unity/Hub/Editor/2020.3.0f1/Editor/Data/PlaybackEngines/WebGLSupport/UnityEditor.WebGL.Extensions.dll
Register platform support module: C:/Program Files/Unity/Hub/Editor/2020.3.0f1/Editor/Data/PlaybackEngines/WindowsStandaloneSupport/UnityEditor.WindowsStandalone.Extensions.dll
Registered in 0.002843 seconds.
Native extension for WindowsStandalone target not found
Native extension for WebGL target not found
Refreshing native plugins compatible for Editor in 26.27 ms, found 0 plugins.
Preloading 0 native plugins for Editor in 0.00 ms.
Invoked RoslynAnalysisRunner static constructor.
RoslynAnalysisRunner will not be running.
RoslynAnalysisRunner has terminated.
Mono: successfully reloaded assembly
- Completed reload, in  2.814 seconds
Platform modules already initialized, skipping
Registering precompiled user dll's ...
Registered in 0.000837 seconds.
Begin MonoManager ReloadAssembly
Native extension for WindowsStandalone target not found
Native extension for WebGL target not found
Refreshing native plugins compatible for Editor in 0.30 ms, found 0 plugins.
Preloading 0 native plugins for Editor in 0.00 ms.
Invoked RoslynAnalysisRunner static constructor.
RoslynAnalysisRunner will not be running.
RoslynAnalysisRunner has terminated.
Mono: successfully reloaded assembly
- Completed reload, in  1.080 seconds
Platform modules already initialized, skipping
========================================================================
Worker process is ready to serve import requests
Launched and connected shader compiler UnityShaderCompiler.exe after 0.07 seconds
Refreshing native plugins compatible for Editor in 0.31 ms, found 0 plugins.
Preloading 0 native plugins for Editor in 0.00 ms.
Unloading 1131 Unused Serialized files (Serialized files now loaded: 0)
System memory in use before: 59.5 MB.
System memory in use after: 59.5 MB.

Unloading 10 unused Assets to reduce memory usage. Loaded Objects now: 1574.
Total: 3.427200 ms (FindLiveObjects: 0.228600 ms CreateObjectMapping: 0.061200 ms MarkObjects: 2.971000 ms  DeleteObjects: 0.164400 ms)

========================================================================
Received Import Request.
  path: Assets/cursor-png-1137.png
  artifactKey: Guid(b79b4535cb7dd4f4a8ddad8447ce6c4b) Importer(815301076,1909f56bfc062723c751e8b465ee728b)
Start importing Assets/cursor-png-1137.png using Guid(b79b4535cb7dd4f4a8ddad8447ce6c4b) Importer(815301076,1909f56bfc062723c751e8b465ee728b)  -> (artifact id: '1a9ea95cc44c97ec41a152a918901360') in 0.208769 seconds
  Import took 0.232370 seconds .

========================================================================
Received Import Request.
  Time since last request: 1.737848 seconds.
  path: Assets/cursor-png-1137.png
  artifactKey: Guid(b79b4535cb7dd4f4a8ddad8447ce6c4b) Importer(815301076,1909f56bfc062723c751e8b465ee728b)
Start importing Assets/cursor-png-1137.png using Guid(b79b4535cb7dd4f4a8ddad8447ce6c4b) Importer(815301076,1909f56bfc062723c751e8b465ee728b)  -> (artifact id: '74307f16df7111ea867970cdd8a3924d') in 0.100521 seconds
  Import took 0.103826 seconds .

========================================================================
Received Import Request.
  Time since last request: 0.002915 seconds.
  path: Assets/cursor-png-1137.png
  artifactKey: Guid(b79b4535cb7dd4f4a8ddad8447ce6c4b) Importer(815301076,1909f56bfc062723c751e8b465ee728b)
Start importing Assets/cursor-png-1137.png using Guid(b79b4535cb7dd4f4a8ddad8447ce6c4b) Importer(815301076,1909f56bfc062723c751e8b465ee728b)  -> (artifact id: '74307f16df7111ea867970cdd8a3924d') in 0.020075 seconds
  Import took 0.023100 seconds .

========================================================================
Received Prepare
Registering precompiled user dll's ...
Registered in 0.001587 seconds.
Begin MonoManager ReloadAssembly
Native extension for WindowsStandalone target not found
Native extension for WebGL target not found
Refreshing native plugins compatible for Editor in 0.28 ms, found 0 plugins.
Preloading 0 native plugins for Editor in 0.00 ms.
Invoked RoslynAnalysisRunner static constructor.
RoslynAnalysisRunner will not be running.
RoslynAnalysisRunner has terminated.
Mono: successfully reloaded assembly
- Completed reload, in  0.927 seconds
Platform modules already initialized, skipping
Refreshing native plugins compatible for Editor in 0.28 ms, found 0 plugins.
Preloading 0 native plugins for Editor in 0.00 ms.
Unloading 1112 Unused Serialized files (Serialized files now loaded: 0)
System memory in use before: 58.3 MB.
System memory in use after: 58.4 MB.

Unloading 5 unused Assets to reduce memory usage. Loaded Objects now: 1579.
Total: 2.558300 ms (FindLiveObjects: 0.218500 ms CreateObjectMapping: 0.048400 ms MarkObjects: 2.199700 ms  DeleteObjects: 0.090100 ms)

========================================================================
Received Prepare
Refreshing native plugins compatible for Editor in 1.02 ms, found 0 plugins.
Preloading 0 native plugins for Editor in 0.00 ms.
Unloading 3 Unused Serialized files (Serialized files now loaded: 0)
System memory in use before: 36.0 MB.
System memory in use after: 36.1 MB.

Unloading 3 unused Assets to reduce memory usage. Loaded Objects now: 1579.
Total: 2.209000 ms (FindLiveObjects: 0.188000 ms CreateObjectMapping: 0.037100 ms MarkObjects: 1.910400 ms  DeleteObjects: 0.071700 ms)

========================================================================
Received Import Request.
  Time since last request: 267.099965 seconds.
  path: Assets/Scripts/GameManager.cs
  artifactKey: Guid(b06e99663226f974fa349a2f47a88ba2) Importer(815301076,1909f56bfc062723c751e8b465ee728b)
Start importing Assets/Scripts/GameManager.cs using Guid(b06e99663226f974fa349a2f47a88ba2) Importer(815301076,1909f56bfc062723c751e8b465ee728b)  -> (artifact id: '4072e9d0fa701d50bafa8bd42af50f66') in 0.038135 seconds
  Import took 0.061348 seconds .

========================================================================
Received Prepare
Registering precompiled user dll's ...
Registered in 0.001011 seconds.
Begin MonoManager ReloadAssembly
Native extension for WindowsStandalone target not found
Native extension for WebGL target not found
Refreshing native plugins compatible for Editor in 0.49 ms, found 0 plugins.
Preloading 0 native plugins for Editor in 0.00 ms.
Invoked RoslynAnalysisRunner static constructor.
RoslynAnalysisRunner will not be running.
RoslynAnalysisRunner has terminated.
Mono: successfully reloaded assembly
- Completed reload, in  1.850 seconds
Platform modules already initialized, skipping
Refreshing native plugins compatible for Editor in 0.32 ms, found 0 plugins.
Preloading 0 native plugins for Editor in 0.00 ms.
Unloading 1112 Unused Serialized files (Serialized files now loaded: 0)
System memory in use before: 58.6 MB.
System memory in use after: 58.6 MB.

Unloading 5 unused Assets to reduce memory usage. Loaded Objects now: 1582.
Total: 2.799600 ms (FindLiveObjects: 0.224500 ms CreateObjectMapping: 0.047000 ms MarkObjects: 2.419800 ms  DeleteObjects: 0.105900 ms)

========================================================================
Received Prepare
Registering precompiled user dll's ...
Registered in 0.000882 seconds.
Begin MonoManager ReloadAssembly
Native extension for WindowsStandalone target not found
Native extension for WebGL target not found
Refreshing native plugins compatible for Editor in 0.65 ms, found 0 plugins.
Preloading 0 native plugins for Editor in 0.00 ms.
Invoked RoslynAnalysisRunner static constructor.
RoslynAnalysisRunner will not be running.
RoslynAnalysisRunner has terminated.
Mono: successfully reloaded assembly
- Completed reload, in  1.003 seconds
Platform modules already initialized, skipping
Refreshing native plugins compatible for Editor in 0.29 ms, found 0 plugins.
Preloading 0 native plugins for Editor in 0.00 ms.
Unloading 1112 Unused Serialized files (Serialized files now loaded: 0)
System memory in use before: 58.6 MB.
System memory in use after: 58.7 MB.

Unloading 5 unused Assets to reduce memory usage. Loaded Objects now: 1585.
Total: 2.546400 ms (FindLiveObjects: 0.247100 ms CreateObjectMapping: 0.049500 ms MarkObjects: 2.150700 ms  DeleteObjects: 0.096800 ms)

========================================================================
Received Import Request.
  Time since last request: 461.190201 seconds.
  path: Assets/Scripts/GameManager.cs
  artifactKey: Guid(b06e99663226f974fa349a2f47a88ba2) Importer(815301076,1909f56bfc062723c751e8b465ee728b)
Start importing Assets/Scripts/GameManager.cs using Guid(b06e99663226f974fa349a2f47a88ba2) Importer(815301076,1909f56bfc062723c751e8b465ee728b)  -> (artifact id: '85151f5a9331692b90f09c932cf46838') in 0.009874 seconds
  Import took 0.044184 seconds .

========================================================================
Received Prepare
Registering precompiled user dll's ...
Registered in 0.000830 seconds.
Begin MonoManager ReloadAssembly
Native extension for WindowsStandalone target not found
Native extension for WebGL target not found
Refreshing native plugins compatible for Editor in 0.28 ms, found 0 plugins.
Preloading 0 native plugins for Editor in 0.00 ms.
Invoked RoslynAnalysisRunner static constructor.
RoslynAnalysisRunner will not be running.
RoslynAnalysisRunner has terminated.
Mono: successfully reloaded assembly
- Completed reload, in  0.952 seconds
Platform modules already initialized, skipping
Refreshing native plugins compatible for Editor in 0.27 ms, found 0 plugins.
Preloading 0 native plugins for Editor in 0.00 ms.
Unloading 1112 Unused Serialized files (Serialized files now loaded: 0)
System memory in use before: 58.6 MB.
System memory in use after: 58.7 MB.

Unloading 5 unused Assets to reduce memory usage. Loaded Objects now: 1588.
Total: 2.789500 ms (FindLiveObjects: 0.312700 ms CreateObjectMapping: 0.099900 ms MarkObjects: 2.280300 ms  DeleteObjects: 0.094600 ms)

========================================================================
Received Prepare
Refreshing native plugins compatible for Editor in 1.22 ms, found 0 plugins.
Preloading 0 native plugins for Editor in 0.00 ms.
Unloading 3 Unused Serialized files (Serialized files now loaded: 0)
System memory in use before: 36.3 MB.
System memory in use after: 36.4 MB.

Unloading 3 unused Assets to reduce memory usage. Loaded Objects now: 1588.
Total: 3.897200 ms (FindLiveObjects: 0.562900 ms CreateObjectMapping: 0.155300 ms MarkObjects: 3.070900 ms  DeleteObjects: 0.105000 ms)

AssetImportWorkerClient::OnTransportError - code=2 error=End of file
