Using pre-set license
Built from '2020.3/staging' branch; Version is '2020.3.0f1 (c7b5465681fb) revision 13088070'; Using compiler version '192528614'; Build Type 'Release'
OS: 'Windows 10 Home Single Language; OS build 19043.1110; Version 2009; 64bit' Language: 'en' Physical Memory: 6082 MB
BatchMode: 1, IsHumanControllingUs: 0, StartBugReporterOnCrash: 0, Is64bit: 1, IsPro: 0

 COMMAND LINE ARGUMENTS:
C:\Program Files\Unity\Hub\Editor\2020.3.0f1\Editor\Unity.exe
-adb2
-batchMode
-noUpm
-name
AssetImportWorker0
-projectPath
D:/UnityLearn project 5(UI)/Unity.Learn-Prototype-5/Unity.Learn Prototype-5
-logFile
Logs/AssetImportWorker0.log
-srvPort
4446
Successfully changed project path to: D:/UnityLearn project 5(UI)/Unity.Learn-Prototype-5/Unity.Learn Prototype-5
D:/UnityLearn project 5(UI)/Unity.Learn-Prototype-5/Unity.Learn Prototype-5
Using Asset Import Pipeline V2.
Refreshing native plugins compatible for Editor in 44.21 ms, found 0 plugins.
Preloading 0 native plugins for Editor in 0.00 ms.
Initialize engine version: 2020.3.0f1 (c7b5465681fb)
[Subsystems] Discovering subsystems at path C:/Program Files/Unity/Hub/Editor/2020.3.0f1/Editor/Data/Resources/UnitySubsystems
[Subsystems] Discovering subsystems at path D:/UnityLearn project 5(UI)/Unity.Learn-Prototype-5/Unity.Learn Prototype-5/Assets
GfxDevice: creating device client; threaded=0
Direct3D:
    Version:  Direct3D 11.0 [level 11.1]
    Renderer: Radeon RX 560X Series (ID=0x67ef)
    Vendor:   
    VRAM:     4077 MB
    Driver:   27.20.1028.1
Initialize mono
Mono path[0] = 'C:/Program Files/Unity/Hub/Editor/2020.3.0f1/Editor/Data/Managed'
Mono path[1] = 'C:/Program Files/Unity/Hub/Editor/2020.3.0f1/Editor/Data/MonoBleedingEdge/lib/mono/unityjit'
Mono config path = 'C:/Program Files/Unity/Hub/Editor/2020.3.0f1/Editor/Data/MonoBleedingEdge/etc'
Using monoOptions --debugger-agent=transport=dt_socket,embedding=1,server=y,suspend=n,address=127.0.0.1:56056
Begin MonoManager ReloadAssembly
Registering precompiled unity dll's ...
Register platform support module: C:/Program Files/Unity/Hub/Editor/2020.3.0f1/Editor/Data/PlaybackEngines/WebGLSupport/UnityEditor.WebGL.Extensions.dll
Register platform support module: C:/Program Files/Unity/Hub/Editor/2020.3.0f1/Editor/Data/PlaybackEngines/WindowsStandaloneSupport/UnityEditor.WindowsStandalone.Extensions.dll
Registered in 0.004819 seconds.
Native extension for WindowsStandalone target not found
Native extension for WebGL target not found
Refreshing native plugins compatible for Editor in 46.62 ms, found 0 plugins.
Preloading 0 native plugins for Editor in 0.00 ms.
Invoked RoslynAnalysisRunner static constructor.
RoslynAnalysisRunner will not be running.
RoslynAnalysisRunner has terminated.
Mono: successfully reloaded assembly
- Completed reload, in  4.995 seconds
Platform modules already initialized, skipping
Registering precompiled user dll's ...
Registered in 0.001561 seconds.
Begin MonoManager ReloadAssembly
Native extension for WindowsStandalone target not found
Native extension for WebGL target not found
Refreshing native plugins compatible for Editor in 0.54 ms, found 0 plugins.
Preloading 0 native plugins for Editor in 0.00 ms.
Invoked RoslynAnalysisRunner static constructor.
RoslynAnalysisRunner will not be running.
RoslynAnalysisRunner has terminated.
Mono: successfully reloaded assembly
- Completed reload, in  2.037 seconds
Platform modules already initialized, skipping
========================================================================
Worker process is ready to serve import requests
Launched and connected shader compiler UnityShaderCompiler.exe after 0.15 seconds
Refreshing native plugins compatible for Editor in 0.57 ms, found 0 plugins.
Preloading 0 native plugins for Editor in 0.00 ms.
Unloading 1130 Unused Serialized files (Serialized files now loaded: 0)
System memory in use before: 59.4 MB.
System memory in use after: 59.4 MB.

Unloading 10 unused Assets to reduce memory usage. Loaded Objects now: 1572.
Total: 4.822100 ms (FindLiveObjects: 0.376500 ms CreateObjectMapping: 0.132900 ms MarkObjects: 4.071500 ms  DeleteObjects: 0.237100 ms)

========================================================================
Received Import Request.
  path: Assets/Scripts/Target.cs
  artifactKey: Guid(fe6907387af431443924a9a71d86025f) Importer(815301076,1909f56bfc062723c751e8b465ee728b)
Start importing Assets/Scripts/Target.cs using Guid(fe6907387af431443924a9a71d86025f) Importer(815301076,1909f56bfc062723c751e8b465ee728b)  -> (artifact id: '7ec2111ac4092d8556cef8181b3357b4') in 0.285583 seconds
  Import took 0.290494 seconds .

========================================================================
Received Prepare
Refreshing native plugins compatible for Editor in 1.82 ms, found 0 plugins.
Preloading 0 native plugins for Editor in 0.00 ms.
Unloading 3 Unused Serialized files (Serialized files now loaded: 0)
System memory in use before: 35.8 MB.
System memory in use after: 35.8 MB.

Unloading 3 unused Assets to reduce memory usage. Loaded Objects now: 1572.
Total: 6.165800 ms (FindLiveObjects: 0.352600 ms CreateObjectMapping: 0.055700 ms MarkObjects: 5.563200 ms  DeleteObjects: 0.189400 ms)

========================================================================
Received Import Request.
  Time since last request: 1457.007967 seconds.
  path: Assets/Scripts/Target.cs
  artifactKey: Guid(fe6907387af431443924a9a71d86025f) Importer(815301076,1909f56bfc062723c751e8b465ee728b)
Start importing Assets/Scripts/Target.cs using Guid(fe6907387af431443924a9a71d86025f) Importer(815301076,1909f56bfc062723c751e8b465ee728b)  -> (artifact id: 'd2c8d45131fa921393d9100c632a8aca') in 0.011752 seconds
  Import took 0.050513 seconds .

========================================================================
Received Prepare
Registering precompiled user dll's ...
Registered in 0.001883 seconds.
Begin MonoManager ReloadAssembly
Native extension for WindowsStandalone target not found
Native extension for WebGL target not found
Refreshing native plugins compatible for Editor in 0.75 ms, found 0 plugins.
Preloading 0 native plugins for Editor in 0.00 ms.
Invoked RoslynAnalysisRunner static constructor.
RoslynAnalysisRunner will not be running.
RoslynAnalysisRunner has terminated.
Mono: successfully reloaded assembly
- Completed reload, in  2.523 seconds
Platform modules already initialized, skipping
Refreshing native plugins compatible for Editor in 0.80 ms, found 0 plugins.
Preloading 0 native plugins for Editor in 0.00 ms.
Unloading 1111 Unused Serialized files (Serialized files now loaded: 0)
System memory in use before: 58.2 MB.
System memory in use after: 58.3 MB.

Unloading 5 unused Assets to reduce memory usage. Loaded Objects now: 1575.
Total: 7.040900 ms (FindLiveObjects: 0.684400 ms CreateObjectMapping: 0.254700 ms MarkObjects: 5.913700 ms  DeleteObjects: 0.183300 ms)

========================================================================
Received Prepare
Registering precompiled user dll's ...
Registered in 0.002433 seconds.
Begin MonoManager ReloadAssembly
Native extension for WindowsStandalone target not found
Native extension for WebGL target not found
Refreshing native plugins compatible for Editor in 0.82 ms, found 0 plugins.
Preloading 0 native plugins for Editor in 0.00 ms.
Invoked RoslynAnalysisRunner static constructor.
RoslynAnalysisRunner will not be running.
RoslynAnalysisRunner has terminated.
Mono: successfully reloaded assembly
- Completed reload, in  1.888 seconds
Platform modules already initialized, skipping
Refreshing native plugins compatible for Editor in 0.81 ms, found 0 plugins.
Preloading 0 native plugins for Editor in 0.00 ms.
Unloading 1111 Unused Serialized files (Serialized files now loaded: 0)
System memory in use before: 58.3 MB.
System memory in use after: 58.3 MB.

Unloading 5 unused Assets to reduce memory usage. Loaded Objects now: 1578.
Total: 4.284700 ms (FindLiveObjects: 0.598900 ms CreateObjectMapping: 0.164900 ms MarkObjects: 3.359100 ms  DeleteObjects: 0.157800 ms)

========================================================================
Received Prepare
Registering precompiled user dll's ...
Registered in 0.001689 seconds.
Begin MonoManager ReloadAssembly
Native extension for WindowsStandalone target not found
Native extension for WebGL target not found
Refreshing native plugins compatible for Editor in 0.72 ms, found 0 plugins.
Preloading 0 native plugins for Editor in 0.00 ms.
Invoked RoslynAnalysisRunner static constructor.
RoslynAnalysisRunner will not be running.
RoslynAnalysisRunner has terminated.
Mono: successfully reloaded assembly
- Completed reload, in  1.821 seconds
Platform modules already initialized, skipping
Refreshing native plugins compatible for Editor in 0.55 ms, found 0 plugins.
Preloading 0 native plugins for Editor in 0.00 ms.
Unloading 1111 Unused Serialized files (Serialized files now loaded: 0)
System memory in use before: 58.2 MB.
System memory in use after: 58.3 MB.

Unloading 5 unused Assets to reduce memory usage. Loaded Objects now: 1581.
Total: 4.534000 ms (FindLiveObjects: 0.368700 ms CreateObjectMapping: 0.080600 ms MarkObjects: 3.915300 ms  DeleteObjects: 0.166100 ms)

========================================================================
Received Prepare
Registering precompiled user dll's ...
Registered in 0.001878 seconds.
Begin MonoManager ReloadAssembly
Native extension for WindowsStandalone target not found
Native extension for WebGL target not found
Refreshing native plugins compatible for Editor in 0.59 ms, found 0 plugins.
Preloading 0 native plugins for Editor in 0.00 ms.
Invoked RoslynAnalysisRunner static constructor.
RoslynAnalysisRunner will not be running.
RoslynAnalysisRunner has terminated.
Mono: successfully reloaded assembly
- Completed reload, in  1.861 seconds
Platform modules already initialized, skipping
Refreshing native plugins compatible for Editor in 0.55 ms, found 0 plugins.
Preloading 0 native plugins for Editor in 0.00 ms.
Unloading 1111 Unused Serialized files (Serialized files now loaded: 0)
System memory in use before: 58.3 MB.
System memory in use after: 58.3 MB.

Unloading 5 unused Assets to reduce memory usage. Loaded Objects now: 1584.
Total: 3.950700 ms (FindLiveObjects: 0.387700 ms CreateObjectMapping: 0.057300 ms MarkObjects: 3.339700 ms  DeleteObjects: 0.162600 ms)

========================================================================
Received Prepare
Registering precompiled user dll's ...
Registered in 0.001579 seconds.
Begin MonoManager ReloadAssembly
Native extension for WindowsStandalone target not found
Native extension for WebGL target not found
Refreshing native plugins compatible for Editor in 0.55 ms, found 0 plugins.
Preloading 0 native plugins for Editor in 0.00 ms.
Invoked RoslynAnalysisRunner static constructor.
RoslynAnalysisRunner will not be running.
RoslynAnalysisRunner has terminated.
Mono: successfully reloaded assembly
- Completed reload, in  2.188 seconds
Platform modules already initialized, skipping
Refreshing native plugins compatible for Editor in 0.94 ms, found 0 plugins.
Preloading 0 native plugins for Editor in 0.00 ms.
Unloading 1111 Unused Serialized files (Serialized files now loaded: 0)
System memory in use before: 58.3 MB.
System memory in use after: 58.3 MB.

Unloading 5 unused Assets to reduce memory usage. Loaded Objects now: 1587.
Total: 8.290500 ms (FindLiveObjects: 0.799500 ms CreateObjectMapping: 0.319800 ms MarkObjects: 6.941600 ms  DeleteObjects: 0.222900 ms)

========================================================================
Received Prepare
Registering precompiled user dll's ...
Registered in 0.002385 seconds.
Begin MonoManager ReloadAssembly
Native extension for WindowsStandalone target not found
Native extension for WebGL target not found
Refreshing native plugins compatible for Editor in 0.71 ms, found 0 plugins.
Preloading 0 native plugins for Editor in 0.00 ms.
Invoked RoslynAnalysisRunner static constructor.
RoslynAnalysisRunner will not be running.
RoslynAnalysisRunner has terminated.
Mono: successfully reloaded assembly
- Completed reload, in  2.098 seconds
Platform modules already initialized, skipping
Refreshing native plugins compatible for Editor in 0.55 ms, found 0 plugins.
Preloading 0 native plugins for Editor in 0.00 ms.
Unloading 1111 Unused Serialized files (Serialized files now loaded: 0)
System memory in use before: 58.3 MB.
System memory in use after: 58.3 MB.

Unloading 5 unused Assets to reduce memory usage. Loaded Objects now: 1590.
Total: 6.471600 ms (FindLiveObjects: 1.000600 ms CreateObjectMapping: 0.431600 ms MarkObjects: 4.858800 ms  DeleteObjects: 0.176000 ms)

========================================================================
Received Prepare
Registering precompiled user dll's ...
Registered in 0.002789 seconds.
Begin MonoManager ReloadAssembly
Native extension for WindowsStandalone target not found
Native extension for WebGL target not found
Refreshing native plugins compatible for Editor in 0.73 ms, found 0 plugins.
Preloading 0 native plugins for Editor in 0.00 ms.
Invoked RoslynAnalysisRunner static constructor.
RoslynAnalysisRunner will not be running.
RoslynAnalysisRunner has terminated.
Mono: successfully reloaded assembly
- Completed reload, in  1.999 seconds
Platform modules already initialized, skipping
Refreshing native plugins compatible for Editor in 0.79 ms, found 0 plugins.
Preloading 0 native plugins for Editor in 0.00 ms.
Unloading 1111 Unused Serialized files (Serialized files now loaded: 0)
System memory in use before: 58.3 MB.
System memory in use after: 58.3 MB.

Unloading 5 unused Assets to reduce memory usage. Loaded Objects now: 1593.
Total: 4.742800 ms (FindLiveObjects: 0.376000 ms CreateObjectMapping: 0.086800 ms MarkObjects: 4.081400 ms  DeleteObjects: 0.195500 ms)

========================================================================
Received Prepare
Registering precompiled user dll's ...
Registered in 0.001655 seconds.
Begin MonoManager ReloadAssembly
Native extension for WindowsStandalone target not found
Native extension for WebGL target not found
Refreshing native plugins compatible for Editor in 0.54 ms, found 0 plugins.
Preloading 0 native plugins for Editor in 0.00 ms.
Invoked RoslynAnalysisRunner static constructor.
RoslynAnalysisRunner will not be running.
RoslynAnalysisRunner has terminated.
Mono: successfully reloaded assembly
- Completed reload, in  1.825 seconds
Platform modules already initialized, skipping
Refreshing native plugins compatible for Editor in 0.55 ms, found 0 plugins.
Preloading 0 native plugins for Editor in 0.00 ms.
Unloading 1111 Unused Serialized files (Serialized files now loaded: 0)
System memory in use before: 58.3 MB.
System memory in use after: 58.4 MB.

Unloading 5 unused Assets to reduce memory usage. Loaded Objects now: 1596.
Total: 4.201200 ms (FindLiveObjects: 0.433400 ms CreateObjectMapping: 0.091200 ms MarkObjects: 3.512200 ms  DeleteObjects: 0.160600 ms)

========================================================================
Received Prepare
Registering precompiled user dll's ...
Registered in 0.001278 seconds.
Begin MonoManager ReloadAssembly
Native extension for WindowsStandalone target not found
Native extension for WebGL target not found
Refreshing native plugins compatible for Editor in 0.39 ms, found 0 plugins.
Preloading 0 native plugins for Editor in 0.00 ms.
Invoked RoslynAnalysisRunner static constructor.
RoslynAnalysisRunner will not be running.
RoslynAnalysisRunner has terminated.
Mono: successfully reloaded assembly
- Completed reload, in  1.011 seconds
Platform modules already initialized, skipping
Refreshing native plugins compatible for Editor in 0.28 ms, found 0 plugins.
Preloading 0 native plugins for Editor in 0.00 ms.
Unloading 1111 Unused Serialized files (Serialized files now loaded: 0)
System memory in use before: 58.3 MB.
System memory in use after: 58.4 MB.

Unloading 5 unused Assets to reduce memory usage. Loaded Objects now: 1599.
Total: 100.001500 ms (FindLiveObjects: 0.278700 ms CreateObjectMapping: 0.052000 ms MarkObjects: 99.557800 ms  DeleteObjects: 0.108400 ms)

========================================================================
Received Import Request.
  Time since last request: 3260.935414 seconds.
  path: Assets/Prefabs/Bad Food.prefab
  artifactKey: Guid(1d19b0fd18ac8354bb226913b2deb31c) Importer(815301076,1909f56bfc062723c751e8b465ee728b)
Start importing Assets/Prefabs/Bad Food.prefab using Guid(1d19b0fd18ac8354bb226913b2deb31c) Importer(815301076,1909f56bfc062723c751e8b465ee728b)  -> (artifact id: 'eadb1de94cb14e42633d538f9c2f01c7') in 1.794680 seconds
  Import took 1.798036 seconds .

========================================================================
Received Import Request.
  Time since last request: 15.203506 seconds.
  path: Assets/Prefabs/Bad Food.prefab
  artifactKey: Guid(1d19b0fd18ac8354bb226913b2deb31c) Importer(815301076,1909f56bfc062723c751e8b465ee728b)
Start importing Assets/Prefabs/Bad Food.prefab using Guid(1d19b0fd18ac8354bb226913b2deb31c) Importer(815301076,1909f56bfc062723c751e8b465ee728b)  -> (artifact id: '09a72b199c7aad6d52c3a3d55302f056') in 0.052834 seconds
  Import took 0.119106 seconds .

========================================================================
Received Import Request.
  Time since last request: 1.559336 seconds.
  path: Assets/Prefabs/Good Food-1.prefab
  artifactKey: Guid(c355de3356081524d99357561accef46) Importer(815301076,1909f56bfc062723c751e8b465ee728b)
Start importing Assets/Prefabs/Good Food-1.prefab using Guid(c355de3356081524d99357561accef46) Importer(815301076,1909f56bfc062723c751e8b465ee728b)  -> (artifact id: 'a2005896b8cec74f3b47512e97ca9d28') in 0.370677 seconds
  Import took 0.438496 seconds .

========================================================================
Received Import Request.
  Time since last request: 2.671712 seconds.
  path: Assets/Prefabs/Good Food-1.prefab
  artifactKey: Guid(c355de3356081524d99357561accef46) Importer(815301076,1909f56bfc062723c751e8b465ee728b)
Start importing Assets/Prefabs/Good Food-1.prefab using Guid(c355de3356081524d99357561accef46) Importer(815301076,1909f56bfc062723c751e8b465ee728b)  -> (artifact id: '11696f4b56df0c587567611fce12182a') in 0.014698 seconds
  Import took 0.052285 seconds .

========================================================================
Received Import Request.
  Time since last request: 1.485885 seconds.
  path: Assets/Prefabs/Good Food-2.prefab
  artifactKey: Guid(3cc9cbc88b2fa164d8ee8976518c7fd3) Importer(815301076,1909f56bfc062723c751e8b465ee728b)
Start importing Assets/Prefabs/Good Food-2.prefab using Guid(3cc9cbc88b2fa164d8ee8976518c7fd3) Importer(815301076,1909f56bfc062723c751e8b465ee728b)  -> (artifact id: '1d5467b1aad0501445b53e79e9584b2a') in 0.149448 seconds
  Import took 0.217476 seconds .

========================================================================
Received Import Request.
  Time since last request: 3.150103 seconds.
  path: Assets/Prefabs/Good Food-2.prefab
  artifactKey: Guid(3cc9cbc88b2fa164d8ee8976518c7fd3) Importer(815301076,1909f56bfc062723c751e8b465ee728b)
Start importing Assets/Prefabs/Good Food-2.prefab using Guid(3cc9cbc88b2fa164d8ee8976518c7fd3) Importer(815301076,1909f56bfc062723c751e8b465ee728b)  -> (artifact id: '53d51ba51e37029adf4c743d8753f6f8') in 0.041689 seconds
  Import took 0.045110 seconds .

========================================================================
Received Import Request.
  Time since last request: 0.001983 seconds.
  path: Assets/Prefabs/Good Food-2.prefab
  artifactKey: Guid(3cc9cbc88b2fa164d8ee8976518c7fd3) Importer(815301076,1909f56bfc062723c751e8b465ee728b)
Start importing Assets/Prefabs/Good Food-2.prefab using Guid(3cc9cbc88b2fa164d8ee8976518c7fd3) Importer(815301076,1909f56bfc062723c751e8b465ee728b)  -> (artifact id: '53d51ba51e37029adf4c743d8753f6f8') in 0.015707 seconds
  Import took 0.018417 seconds .

========================================================================
Received Import Request.
  Time since last request: 1.090875 seconds.
  path: Assets/Prefabs/Good Food-3.prefab
  artifactKey: Guid(7c08a12f4d2ba2f4c9c4b52ae1879b05) Importer(815301076,1909f56bfc062723c751e8b465ee728b)
Start importing Assets/Prefabs/Good Food-3.prefab using Guid(7c08a12f4d2ba2f4c9c4b52ae1879b05) Importer(815301076,1909f56bfc062723c751e8b465ee728b)  -> (artifact id: '4afa5b9a1b7ac1afda55eee001e5b888') in 0.226741 seconds
  Import took 0.243843 seconds .

========================================================================
Received Import Request.
  Time since last request: 5.373957 seconds.
  path: Assets/Prefabs/Good Food-3.prefab
  artifactKey: Guid(7c08a12f4d2ba2f4c9c4b52ae1879b05) Importer(815301076,1909f56bfc062723c751e8b465ee728b)
Start importing Assets/Prefabs/Good Food-3.prefab using Guid(7c08a12f4d2ba2f4c9c4b52ae1879b05) Importer(815301076,1909f56bfc062723c751e8b465ee728b)  -> (artifact id: 'eff320d97f5f2cb4a5129a44704e15f9') in 0.015843 seconds
  Import took 0.019212 seconds .

========================================================================
Received Prepare
Registering precompiled user dll's ...
Registered in 0.000933 seconds.
Begin MonoManager ReloadAssembly
Native extension for WindowsStandalone target not found
Native extension for WebGL target not found
Refreshing native plugins compatible for Editor in 0.27 ms, found 0 plugins.
Preloading 0 native plugins for Editor in 0.00 ms.
Invoked RoslynAnalysisRunner static constructor.
RoslynAnalysisRunner will not be running.
RoslynAnalysisRunner has terminated.
Mono: successfully reloaded assembly
- Completed reload, in  0.960 seconds
Platform modules already initialized, skipping
Refreshing native plugins compatible for Editor in 0.28 ms, found 0 plugins.
Preloading 0 native plugins for Editor in 0.00 ms.
Unloading 1111 Unused Serialized files (Serialized files now loaded: 0)
System memory in use before: 61.4 MB.
System memory in use after: 61.5 MB.

Unloading 5 unused Assets to reduce memory usage. Loaded Objects now: 1609.
Total: 2.757900 ms (FindLiveObjects: 0.388800 ms CreateObjectMapping: 0.066700 ms MarkObjects: 2.211700 ms  DeleteObjects: 0.087800 ms)

========================================================================
Received Prepare
Registering precompiled user dll's ...
Registered in 0.000979 seconds.
Begin MonoManager ReloadAssembly
Native extension for WindowsStandalone target not found
Native extension for WebGL target not found
Refreshing native plugins compatible for Editor in 0.35 ms, found 0 plugins.
Preloading 0 native plugins for Editor in 0.00 ms.
Invoked RoslynAnalysisRunner static constructor.
RoslynAnalysisRunner will not be running.
RoslynAnalysisRunner has terminated.
Mono: successfully reloaded assembly
- Completed reload, in  0.977 seconds
Platform modules already initialized, skipping
Refreshing native plugins compatible for Editor in 0.27 ms, found 0 plugins.
Preloading 0 native plugins for Editor in 0.00 ms.
Unloading 1111 Unused Serialized files (Serialized files now loaded: 0)
System memory in use before: 61.4 MB.
System memory in use after: 61.5 MB.

Unloading 5 unused Assets to reduce memory usage. Loaded Objects now: 1612.
Total: 2.919300 ms (FindLiveObjects: 0.570300 ms CreateObjectMapping: 0.154300 ms MarkObjects: 2.103500 ms  DeleteObjects: 0.088400 ms)

========================================================================
Received Import Request.
  Time since last request: 1278.059567 seconds.
  path: Assets/Prefabs/Good Food-3.prefab
  artifactKey: Guid(7c08a12f4d2ba2f4c9c4b52ae1879b05) Importer(815301076,1909f56bfc062723c751e8b465ee728b)
Start importing Assets/Prefabs/Good Food-3.prefab using Guid(7c08a12f4d2ba2f4c9c4b52ae1879b05) Importer(815301076,1909f56bfc062723c751e8b465ee728b)  -> (artifact id: 'ead477c3728ae9726349ea8d1624662c') in 0.092254 seconds
  Import took 0.094942 seconds .

========================================================================
Received Import Request.
  Time since last request: 6.184712 seconds.
  path: Assets/Prefabs/Bad Food.prefab
  artifactKey: Guid(1d19b0fd18ac8354bb226913b2deb31c) Importer(815301076,1909f56bfc062723c751e8b465ee728b)
Start importing Assets/Prefabs/Bad Food.prefab using Guid(1d19b0fd18ac8354bb226913b2deb31c) Importer(815301076,1909f56bfc062723c751e8b465ee728b)  -> (artifact id: '19dc21f5c25a35354b53942e4ecca1cd') in 0.069903 seconds
  Import took 0.096556 seconds .

========================================================================
Received Import Request.
  Time since last request: 24.250293 seconds.
  path: Assets/Prefabs/Bad Food.prefab
  artifactKey: Guid(1d19b0fd18ac8354bb226913b2deb31c) Importer(815301076,1909f56bfc062723c751e8b465ee728b)
Start importing Assets/Prefabs/Bad Food.prefab using Guid(1d19b0fd18ac8354bb226913b2deb31c) Importer(815301076,1909f56bfc062723c751e8b465ee728b)  -> (artifact id: '1f56e17508669553484e730b1d3a406a') in 0.060020 seconds
  Import took 0.063152 seconds .

========================================================================
Received Import Request.
  Time since last request: 6.436287 seconds.
  path: Assets/Prefabs/Bad Food.prefab
  artifactKey: Guid(1d19b0fd18ac8354bb226913b2deb31c) Importer(815301076,1909f56bfc062723c751e8b465ee728b)
Start importing Assets/Prefabs/Bad Food.prefab using Guid(1d19b0fd18ac8354bb226913b2deb31c) Importer(815301076,1909f56bfc062723c751e8b465ee728b)  -> (artifact id: 'a685a1b7c12fefb3a0b468d7bff870f9') in 0.023783 seconds
  Import took 0.069065 seconds .

========================================================================
Received Import Request.
  Time since last request: 1.980209 seconds.
  path: Assets/Prefabs/Good Food-1.prefab
  artifactKey: Guid(c355de3356081524d99357561accef46) Importer(815301076,1909f56bfc062723c751e8b465ee728b)
Start importing Assets/Prefabs/Good Food-1.prefab using Guid(c355de3356081524d99357561accef46) Importer(815301076,1909f56bfc062723c751e8b465ee728b)  -> (artifact id: 'ab0307707fcce8b5cf17b588138f754a') in 0.014830 seconds
  Import took 0.122957 seconds .

========================================================================
Received Import Request.
  Time since last request: 14.385128 seconds.
  path: Assets/Prefabs/Good Food-1.prefab
  artifactKey: Guid(c355de3356081524d99357561accef46) Importer(815301076,1909f56bfc062723c751e8b465ee728b)
Start importing Assets/Prefabs/Good Food-1.prefab using Guid(c355de3356081524d99357561accef46) Importer(815301076,1909f56bfc062723c751e8b465ee728b)  -> (artifact id: 'bcffd4fc0a71f8c5585be64ac0daf7b8') in 0.015938 seconds
  Import took 0.018896 seconds .

========================================================================
Received Import Request.
  Time since last request: 2.169548 seconds.
  path: Assets/Prefabs/Good Food-2.prefab
  artifactKey: Guid(3cc9cbc88b2fa164d8ee8976518c7fd3) Importer(815301076,1909f56bfc062723c751e8b465ee728b)
Start importing Assets/Prefabs/Good Food-2.prefab using Guid(3cc9cbc88b2fa164d8ee8976518c7fd3) Importer(815301076,1909f56bfc062723c751e8b465ee728b)  -> (artifact id: '7363f0b4b35c0796880efbaf947cf150') in 0.016463 seconds
  Import took 0.035794 seconds .

========================================================================
Received Import Request.
  Time since last request: 4.496642 seconds.
  path: Assets/Prefabs/Good Food-2.prefab
  artifactKey: Guid(3cc9cbc88b2fa164d8ee8976518c7fd3) Importer(815301076,1909f56bfc062723c751e8b465ee728b)
Start importing Assets/Prefabs/Good Food-2.prefab using Guid(3cc9cbc88b2fa164d8ee8976518c7fd3) Importer(815301076,1909f56bfc062723c751e8b465ee728b)  -> (artifact id: '1b43eeb52f80d1611481ced88a077b8a') in 0.032712 seconds
  Import took 0.035659 seconds .

========================================================================
Received Import Request.
  Time since last request: 7.377199 seconds.
  path: Assets/Prefabs/Good Food-3.prefab
  artifactKey: Guid(7c08a12f4d2ba2f4c9c4b52ae1879b05) Importer(815301076,1909f56bfc062723c751e8b465ee728b)
Start importing Assets/Prefabs/Good Food-3.prefab using Guid(7c08a12f4d2ba2f4c9c4b52ae1879b05) Importer(815301076,1909f56bfc062723c751e8b465ee728b)  -> (artifact id: 'a9d2fe5dc58f011f6d150fea94499700') in 0.023108 seconds
  Import took 0.026422 seconds .

========================================================================
Received Prepare
Registering precompiled user dll's ...
Registered in 0.000843 seconds.
Begin MonoManager ReloadAssembly
Native extension for WindowsStandalone target not found
Native extension for WebGL target not found
Refreshing native plugins compatible for Editor in 0.43 ms, found 0 plugins.
Preloading 0 native plugins for Editor in 0.00 ms.
Invoked RoslynAnalysisRunner static constructor.
RoslynAnalysisRunner will not be running.
RoslynAnalysisRunner has terminated.
Mono: successfully reloaded assembly
- Completed reload, in  0.905 seconds
Platform modules already initialized, skipping
Refreshing native plugins compatible for Editor in 0.26 ms, found 0 plugins.
Preloading 0 native plugins for Editor in 0.00 ms.
Unloading 1111 Unused Serialized files (Serialized files now loaded: 0)
System memory in use before: 61.5 MB.
System memory in use after: 61.5 MB.

Unloading 5 unused Assets to reduce memory usage. Loaded Objects now: 1617.
Total: 2.062000 ms (FindLiveObjects: 0.213400 ms CreateObjectMapping: 0.049800 ms MarkObjects: 1.718200 ms  DeleteObjects: 0.078900 ms)

========================================================================
Received Prepare
Registering precompiled user dll's ...
Registered in 0.000834 seconds.
Begin MonoManager ReloadAssembly
Native extension for WindowsStandalone target not found
Native extension for WebGL target not found
Refreshing native plugins compatible for Editor in 0.28 ms, found 0 plugins.
Preloading 0 native plugins for Editor in 0.00 ms.
Invoked RoslynAnalysisRunner static constructor.
RoslynAnalysisRunner will not be running.
RoslynAnalysisRunner has terminated.
Mono: successfully reloaded assembly
- Completed reload, in  1.027 seconds
Platform modules already initialized, skipping
Refreshing native plugins compatible for Editor in 0.27 ms, found 0 plugins.
Preloading 0 native plugins for Editor in 0.00 ms.
Unloading 1111 Unused Serialized files (Serialized files now loaded: 0)
System memory in use before: 61.5 MB.
System memory in use after: 61.6 MB.

Unloading 5 unused Assets to reduce memory usage. Loaded Objects now: 1620.
Total: 3.621600 ms (FindLiveObjects: 0.499200 ms CreateObjectMapping: 0.062200 ms MarkObjects: 2.936300 ms  DeleteObjects: 0.121200 ms)

========================================================================
Received Prepare
Registering precompiled user dll's ...
Registered in 0.000896 seconds.
Begin MonoManager ReloadAssembly
Native extension for WindowsStandalone target not found
Native extension for WebGL target not found
Refreshing native plugins compatible for Editor in 0.30 ms, found 0 plugins.
Preloading 0 native plugins for Editor in 0.00 ms.
Invoked RoslynAnalysisRunner static constructor.
RoslynAnalysisRunner will not be running.
RoslynAnalysisRunner has terminated.
Mono: successfully reloaded assembly
- Completed reload, in  0.984 seconds
Platform modules already initialized, skipping
Refreshing native plugins compatible for Editor in 0.49 ms, found 0 plugins.
Preloading 0 native plugins for Editor in 0.00 ms.
Unloading 1111 Unused Serialized files (Serialized files now loaded: 0)
System memory in use before: 61.5 MB.
System memory in use after: 61.6 MB.

Unloading 5 unused Assets to reduce memory usage. Loaded Objects now: 1623.
Total: 3.141400 ms (FindLiveObjects: 0.282700 ms CreateObjectMapping: 0.069900 ms MarkObjects: 2.694100 ms  DeleteObjects: 0.092000 ms)

========================================================================
Received Prepare
Registering precompiled user dll's ...
Registered in 0.001017 seconds.
Begin MonoManager ReloadAssembly
Native extension for WindowsStandalone target not found
Native extension for WebGL target not found
Refreshing native plugins compatible for Editor in 0.28 ms, found 0 plugins.
Preloading 0 native plugins for Editor in 0.00 ms.
Invoked RoslynAnalysisRunner static constructor.
RoslynAnalysisRunner will not be running.
RoslynAnalysisRunner has terminated.
Mono: successfully reloaded assembly
- Completed reload, in  0.942 seconds
Platform modules already initialized, skipping
Refreshing native plugins compatible for Editor in 0.28 ms, found 0 plugins.
Preloading 0 native plugins for Editor in 0.00 ms.
Unloading 1111 Unused Serialized files (Serialized files now loaded: 0)
System memory in use before: 61.5 MB.
System memory in use after: 61.6 MB.

Unloading 5 unused Assets to reduce memory usage. Loaded Objects now: 1626.
Total: 2.397000 ms (FindLiveObjects: 0.260500 ms CreateObjectMapping: 0.050100 ms MarkObjects: 1.995400 ms  DeleteObjects: 0.087400 ms)

========================================================================
Received Prepare
Registering precompiled user dll's ...
Registered in 0.000943 seconds.
Begin MonoManager ReloadAssembly
Native extension for WindowsStandalone target not found
Native extension for WebGL target not found
Refreshing native plugins compatible for Editor in 0.28 ms, found 0 plugins.
Preloading 0 native plugins for Editor in 0.00 ms.
Invoked RoslynAnalysisRunner static constructor.
RoslynAnalysisRunner will not be running.
RoslynAnalysisRunner has terminated.
Mono: successfully reloaded assembly
- Completed reload, in  0.970 seconds
Platform modules already initialized, skipping
Refreshing native plugins compatible for Editor in 0.27 ms, found 0 plugins.
Preloading 0 native plugins for Editor in 0.00 ms.
Unloading 1111 Unused Serialized files (Serialized files now loaded: 0)
System memory in use before: 61.5 MB.
System memory in use after: 61.6 MB.

Unloading 5 unused Assets to reduce memory usage. Loaded Objects now: 1629.
Total: 3.837100 ms (FindLiveObjects: 0.437100 ms CreateObjectMapping: 0.104000 ms MarkObjects: 3.160000 ms  DeleteObjects: 0.132300 ms)

========================================================================
Received Prepare
Registering precompiled user dll's ...
Registered in 0.000990 seconds.
Begin MonoManager ReloadAssembly
Native extension for WindowsStandalone target not found
Native extension for WebGL target not found
Refreshing native plugins compatible for Editor in 0.58 ms, found 0 plugins.
Preloading 0 native plugins for Editor in 0.00 ms.
Invoked RoslynAnalysisRunner static constructor.
RoslynAnalysisRunner will not be running.
RoslynAnalysisRunner has terminated.
Mono: successfully reloaded assembly
- Completed reload, in  0.941 seconds
Platform modules already initialized, skipping
Refreshing native plugins compatible for Editor in 0.29 ms, found 0 plugins.
Preloading 0 native plugins for Editor in 0.00 ms.
Unloading 1111 Unused Serialized files (Serialized files now loaded: 0)
System memory in use before: 61.5 MB.
System memory in use after: 61.6 MB.

Unloading 5 unused Assets to reduce memory usage. Loaded Objects now: 1632.
Total: 2.839400 ms (FindLiveObjects: 0.318100 ms CreateObjectMapping: 0.071800 ms MarkObjects: 2.366700 ms  DeleteObjects: 0.080400 ms)

========================================================================
Received Prepare
Registering precompiled user dll's ...
Registered in 0.000847 seconds.
Begin MonoManager ReloadAssembly
Native extension for WindowsStandalone target not found
Native extension for WebGL target not found
Refreshing native plugins compatible for Editor in 0.40 ms, found 0 plugins.
Preloading 0 native plugins for Editor in 0.00 ms.
Invoked RoslynAnalysisRunner static constructor.
RoslynAnalysisRunner will not be running.
RoslynAnalysisRunner has terminated.
Mono: successfully reloaded assembly
- Completed reload, in  0.968 seconds
Platform modules already initialized, skipping
Refreshing native plugins compatible for Editor in 0.28 ms, found 0 plugins.
Preloading 0 native plugins for Editor in 0.00 ms.
Unloading 1111 Unused Serialized files (Serialized files now loaded: 0)
System memory in use before: 61.5 MB.
System memory in use after: 61.6 MB.

Unloading 5 unused Assets to reduce memory usage. Loaded Objects now: 1635.
Total: 3.025900 ms (FindLiveObjects: 0.289800 ms CreateObjectMapping: 0.090900 ms MarkObjects: 2.547400 ms  DeleteObjects: 0.095400 ms)

========================================================================
Received Prepare
Registering precompiled user dll's ...
Registered in 0.001016 seconds.
Begin MonoManager ReloadAssembly
Native extension for WindowsStandalone target not found
Native extension for WebGL target not found
Refreshing native plugins compatible for Editor in 0.27 ms, found 0 plugins.
Preloading 0 native plugins for Editor in 0.00 ms.
Invoked RoslynAnalysisRunner static constructor.
RoslynAnalysisRunner will not be running.
RoslynAnalysisRunner has terminated.
Mono: successfully reloaded assembly
- Completed reload, in  0.892 seconds
Platform modules already initialized, skipping
Refreshing native plugins compatible for Editor in 0.27 ms, found 0 plugins.
Preloading 0 native plugins for Editor in 0.00 ms.
Unloading 1111 Unused Serialized files (Serialized files now loaded: 0)
System memory in use before: 61.5 MB.
System memory in use after: 61.6 MB.

Unloading 5 unused Assets to reduce memory usage. Loaded Objects now: 1638.
Total: 2.516800 ms (FindLiveObjects: 0.260000 ms CreateObjectMapping: 0.050800 ms MarkObjects: 2.117900 ms  DeleteObjects: 0.085700 ms)

========================================================================
Received Import Request.
  Time since last request: 2176.952135 seconds.
  path: Assets/Prefabs/Good Food-1.prefab
  artifactKey: Guid(c355de3356081524d99357561accef46) Importer(815301076,1909f56bfc062723c751e8b465ee728b)
Start importing Assets/Prefabs/Good Food-1.prefab using Guid(c355de3356081524d99357561accef46) Importer(815301076,1909f56bfc062723c751e8b465ee728b)  -> (artifact id: '2aab7debc926fd2aec1e4bb0e9d7fb0e') in 0.116996 seconds
  Import took 0.138424 seconds .

========================================================================
Received Import Request.
  Time since last request: 1.917765 seconds.
  path: Assets/Prefabs/Good Food-1.prefab
  artifactKey: Guid(c355de3356081524d99357561accef46) Importer(815301076,1909f56bfc062723c751e8b465ee728b)
Start importing Assets/Prefabs/Good Food-1.prefab using Guid(c355de3356081524d99357561accef46) Importer(815301076,1909f56bfc062723c751e8b465ee728b)  -> (artifact id: 'ac2fe4f8a903dc1fa63a6336fa651ccd') in 0.039595 seconds
  Import took 0.057972 seconds .

========================================================================
Received Import Request.
  Time since last request: 0.013718 seconds.
  path: Assets/Prefabs/Good Food-1.prefab
  artifactKey: Guid(c355de3356081524d99357561accef46) Importer(815301076,1909f56bfc062723c751e8b465ee728b)
Start importing Assets/Prefabs/Good Food-1.prefab using Guid(c355de3356081524d99357561accef46) Importer(815301076,1909f56bfc062723c751e8b465ee728b)  -> (artifact id: 'ac2fe4f8a903dc1fa63a6336fa651ccd') in 0.018180 seconds
  Import took 0.020893 seconds .

========================================================================
Received Import Request.
  Time since last request: 4.418960 seconds.
  path: Assets/Prefabs/Good Food-1.prefab
  artifactKey: Guid(c355de3356081524d99357561accef46) Importer(815301076,1909f56bfc062723c751e8b465ee728b)
Start importing Assets/Prefabs/Good Food-1.prefab using Guid(c355de3356081524d99357561accef46) Importer(815301076,1909f56bfc062723c751e8b465ee728b)  -> (artifact id: '087a3168edc32ab898112a43a4ab9288') in 0.018679 seconds
  Import took 0.047674 seconds .

========================================================================
Received Import Request.
  Time since last request: 0.002177 seconds.
  path: Assets/Prefabs/Good Food-1.prefab
  artifactKey: Guid(c355de3356081524d99357561accef46) Importer(815301076,1909f56bfc062723c751e8b465ee728b)
Start importing Assets/Prefabs/Good Food-1.prefab using Guid(c355de3356081524d99357561accef46) Importer(815301076,1909f56bfc062723c751e8b465ee728b)  -> (artifact id: '087a3168edc32ab898112a43a4ab9288') in 0.017476 seconds
  Import took 0.020232 seconds .

========================================================================
Received Prepare
Registering precompiled user dll's ...
Registered in 0.000900 seconds.
Begin MonoManager ReloadAssembly
Native extension for WindowsStandalone target not found
Native extension for WebGL target not found
Refreshing native plugins compatible for Editor in 0.28 ms, found 0 plugins.
Preloading 0 native plugins for Editor in 0.00 ms.
Invoked RoslynAnalysisRunner static constructor.
RoslynAnalysisRunner will not be running.
RoslynAnalysisRunner has terminated.
Mono: successfully reloaded assembly
- Completed reload, in  0.977 seconds
Platform modules already initialized, skipping
Refreshing native plugins compatible for Editor in 0.30 ms, found 0 plugins.
Preloading 0 native plugins for Editor in 0.00 ms.
Unloading 1111 Unused Serialized files (Serialized files now loaded: 0)
System memory in use before: 61.5 MB.
System memory in use after: 61.6 MB.

Unloading 5 unused Assets to reduce memory usage. Loaded Objects now: 1642.
Total: 2.660500 ms (FindLiveObjects: 0.254400 ms CreateObjectMapping: 0.053900 ms MarkObjects: 2.255700 ms  DeleteObjects: 0.094900 ms)

========================================================================
Received Import Request.
  Time since last request: 31.654459 seconds.
  path: Assets/Prefabs/Good Food-1.prefab
  artifactKey: Guid(c355de3356081524d99357561accef46) Importer(815301076,1909f56bfc062723c751e8b465ee728b)
Start importing Assets/Prefabs/Good Food-1.prefab using Guid(c355de3356081524d99357561accef46) Importer(815301076,1909f56bfc062723c751e8b465ee728b)  -> (artifact id: '757d5d559e811bbff8ab9a2822dc23c3') in 0.097798 seconds
  Import took 0.119035 seconds .

========================================================================
Received Import Request.
  Time since last request: 3.124260 seconds.
  path: Assets/Prefabs/Good Food-1.prefab
  artifactKey: Guid(c355de3356081524d99357561accef46) Importer(815301076,1909f56bfc062723c751e8b465ee728b)
Start importing Assets/Prefabs/Good Food-1.prefab using Guid(c355de3356081524d99357561accef46) Importer(815301076,1909f56bfc062723c751e8b465ee728b)  -> (artifact id: 'f177d5ffc51a881d9f17e826af58b2d7') in 0.022642 seconds
  Import took 0.026730 seconds .

========================================================================
Received Import Request.
  Time since last request: 3.514377 seconds.
  path: Assets/Prefabs/Good Food-1.prefab
  artifactKey: Guid(c355de3356081524d99357561accef46) Importer(815301076,1909f56bfc062723c751e8b465ee728b)
Start importing Assets/Prefabs/Good Food-1.prefab using Guid(c355de3356081524d99357561accef46) Importer(815301076,1909f56bfc062723c751e8b465ee728b)  -> (artifact id: '23d7d5c1f21027b7cfd9822c4342de1e') in 0.023684 seconds
  Import took 0.028052 seconds .

========================================================================
Received Import Request.
  Time since last request: 3.644175 seconds.
  path: Assets/Prefabs/Good Food-1.prefab
  artifactKey: Guid(c355de3356081524d99357561accef46) Importer(815301076,1909f56bfc062723c751e8b465ee728b)
Start importing Assets/Prefabs/Good Food-1.prefab using Guid(c355de3356081524d99357561accef46) Importer(815301076,1909f56bfc062723c751e8b465ee728b)  -> (artifact id: 'a54f7bc345924e424495c40175f7ffaa') in 0.037755 seconds
  Import took 0.052549 seconds .

========================================================================
Received Prepare
Registering precompiled user dll's ...
Registered in 0.003321 seconds.
Begin MonoManager ReloadAssembly
Native extension for WindowsStandalone target not found
Native extension for WebGL target not found
Refreshing native plugins compatible for Editor in 0.33 ms, found 0 plugins.
Preloading 0 native plugins for Editor in 0.00 ms.
Invoked RoslynAnalysisRunner static constructor.
RoslynAnalysisRunner will not be running.
RoslynAnalysisRunner has terminated.
Mono: successfully reloaded assembly
- Completed reload, in  0.938 seconds
Platform modules already initialized, skipping
Refreshing native plugins compatible for Editor in 0.28 ms, found 0 plugins.
Preloading 0 native plugins for Editor in 0.00 ms.
Unloading 1111 Unused Serialized files (Serialized files now loaded: 0)
System memory in use before: 61.5 MB.
System memory in use after: 61.6 MB.

Unloading 5 unused Assets to reduce memory usage. Loaded Objects now: 1646.
Total: 3.657900 ms (FindLiveObjects: 0.452500 ms CreateObjectMapping: 0.118700 ms MarkObjects: 2.966000 ms  DeleteObjects: 0.117600 ms)

========================================================================
Received Import Request.
  Time since last request: 199.270386 seconds.
  path: ProjectSettings/TagManager.asset
  artifactKey: Guid(00000000000000003000000000000000) Importer(815301076,1909f56bfc062723c751e8b465ee728b)
Start importing ProjectSettings/TagManager.asset using Guid(00000000000000003000000000000000) Importer(815301076,1909f56bfc062723c751e8b465ee728b)  -> (artifact id: 'e58c32c74971579209c983feef23e212') in 0.070361 seconds
  Import took 0.084080 seconds .

========================================================================
Received Import Request.
  Time since last request: 31.767636 seconds.
  path: Assets/Prefabs/Bad Food.prefab
  artifactKey: Guid(1d19b0fd18ac8354bb226913b2deb31c) Importer(815301076,1909f56bfc062723c751e8b465ee728b)
Start importing Assets/Prefabs/Bad Food.prefab using Guid(1d19b0fd18ac8354bb226913b2deb31c) Importer(815301076,1909f56bfc062723c751e8b465ee728b)  -> (artifact id: '736d8f8adb832018f4fa75ccb76bc5da') in 0.113929 seconds
  Import took 0.116957 seconds .

========================================================================
Received Prepare
Registering precompiled user dll's ...
Registered in 0.000879 seconds.
Begin MonoManager ReloadAssembly
Native extension for WindowsStandalone target not found
Native extension for WebGL target not found
Refreshing native plugins compatible for Editor in 0.28 ms, found 0 plugins.
Preloading 0 native plugins for Editor in 0.00 ms.
Invoked RoslynAnalysisRunner static constructor.
RoslynAnalysisRunner will not be running.
RoslynAnalysisRunner has terminated.
Mono: successfully reloaded assembly
- Completed reload, in  1.017 seconds
Platform modules already initialized, skipping
Refreshing native plugins compatible for Editor in 0.30 ms, found 0 plugins.
Preloading 0 native plugins for Editor in 0.00 ms.
Unloading 1111 Unused Serialized files (Serialized files now loaded: 0)
System memory in use before: 61.6 MB.
System memory in use after: 61.6 MB.

Unloading 6 unused Assets to reduce memory usage. Loaded Objects now: 1650.
Total: 2.779500 ms (FindLiveObjects: 0.241500 ms CreateObjectMapping: 0.055200 ms MarkObjects: 2.371300 ms  DeleteObjects: 0.109000 ms)

========================================================================
Received Prepare
Registering precompiled user dll's ...
Registered in 0.000898 seconds.
Begin MonoManager ReloadAssembly
Native extension for WindowsStandalone target not found
Native extension for WebGL target not found
Refreshing native plugins compatible for Editor in 0.28 ms, found 0 plugins.
Preloading 0 native plugins for Editor in 0.00 ms.
Invoked RoslynAnalysisRunner static constructor.
RoslynAnalysisRunner will not be running.
RoslynAnalysisRunner has terminated.
Mono: successfully reloaded assembly
- Completed reload, in  0.975 seconds
Platform modules already initialized, skipping
Refreshing native plugins compatible for Editor in 0.41 ms, found 0 plugins.
Preloading 0 native plugins for Editor in 0.00 ms.
Unloading 1111 Unused Serialized files (Serialized files now loaded: 0)
System memory in use before: 61.6 MB.
System memory in use after: 61.6 MB.

Unloading 5 unused Assets to reduce memory usage. Loaded Objects now: 1653.
Total: 5.666700 ms (FindLiveObjects: 0.301700 ms CreateObjectMapping: 0.092800 ms MarkObjects: 5.158700 ms  DeleteObjects: 0.111000 ms)

========================================================================
Received Import Request.
  Time since last request: 168.164724 seconds.
  path: Assets/Course Library/Particles/Explosion_Purple.prefab
  artifactKey: Guid(ef43e5aef41c142fb85a7658a397dc75) Importer(815301076,1909f56bfc062723c751e8b465ee728b)
Start importing Assets/Course Library/Particles/Explosion_Purple.prefab using Guid(ef43e5aef41c142fb85a7658a397dc75) Importer(815301076,1909f56bfc062723c751e8b465ee728b)  -> (artifact id: 'a1f3571eb5a8f3721f6ee35aad3b8650') in 0.124654 seconds
  Import took 0.129608 seconds .

========================================================================
Received Import Request.
  Time since last request: 0.089433 seconds.
  path: Assets/Course Library/Particles/Explosion_Purple.prefab
  artifactKey: Guid(ef43e5aef41c142fb85a7658a397dc75) Importer(815301076,1909f56bfc062723c751e8b465ee728b)
Start importing Assets/Course Library/Particles/Explosion_Purple.prefab using Guid(ef43e5aef41c142fb85a7658a397dc75) Importer(815301076,1909f56bfc062723c751e8b465ee728b)  -> (artifact id: 'a1f3571eb5a8f3721f6ee35aad3b8650') in 0.006184 seconds
  Import took 0.009610 seconds .

========================================================================
Received Prepare
Registering precompiled user dll's ...
Registered in 0.000873 seconds.
Begin MonoManager ReloadAssembly
Native extension for WindowsStandalone target not found
Native extension for WebGL target not found
Refreshing native plugins compatible for Editor in 0.27 ms, found 0 plugins.
Preloading 0 native plugins for Editor in 0.00 ms.
Invoked RoslynAnalysisRunner static constructor.
RoslynAnalysisRunner will not be running.
RoslynAnalysisRunner has terminated.
Mono: successfully reloaded assembly
- Completed reload, in  0.944 seconds
Platform modules already initialized, skipping
Refreshing native plugins compatible for Editor in 0.29 ms, found 0 plugins.
Preloading 0 native plugins for Editor in 0.00 ms.
Unloading 1111 Unused Serialized files (Serialized files now loaded: 0)
System memory in use before: 61.6 MB.
System memory in use after: 61.7 MB.

Unloading 5 unused Assets to reduce memory usage. Loaded Objects now: 1656.
Total: 2.942300 ms (FindLiveObjects: 0.269100 ms CreateObjectMapping: 0.065200 ms MarkObjects: 2.505100 ms  DeleteObjects: 0.101000 ms)

========================================================================
Received Prepare
Registering precompiled user dll's ...
Registered in 0.000846 seconds.
Begin MonoManager ReloadAssembly
Native extension for WindowsStandalone target not found
Native extension for WebGL target not found
Refreshing native plugins compatible for Editor in 0.29 ms, found 0 plugins.
Preloading 0 native plugins for Editor in 0.00 ms.
Invoked RoslynAnalysisRunner static constructor.
RoslynAnalysisRunner will not be running.
RoslynAnalysisRunner has terminated.
Mono: successfully reloaded assembly
- Completed reload, in  0.994 seconds
Platform modules already initialized, skipping
Refreshing native plugins compatible for Editor in 0.39 ms, found 0 plugins.
Preloading 0 native plugins for Editor in 0.00 ms.
Unloading 1111 Unused Serialized files (Serialized files now loaded: 0)
System memory in use before: 61.6 MB.
System memory in use after: 61.7 MB.

Unloading 5 unused Assets to reduce memory usage. Loaded Objects now: 1659.
Total: 3.437700 ms (FindLiveObjects: 0.474800 ms CreateObjectMapping: 0.137700 ms MarkObjects: 2.711900 ms  DeleteObjects: 0.110000 ms)

========================================================================
Received Prepare
Registering precompiled user dll's ...
Registered in 0.000862 seconds.
Begin MonoManager ReloadAssembly
Native extension for WindowsStandalone target not found
Native extension for WebGL target not found
Refreshing native plugins compatible for Editor in 0.29 ms, found 0 plugins.
Preloading 0 native plugins for Editor in 0.00 ms.
Invoked RoslynAnalysisRunner static constructor.
RoslynAnalysisRunner will not be running.
RoslynAnalysisRunner has terminated.
Mono: successfully reloaded assembly
- Completed reload, in  0.907 seconds
Platform modules already initialized, skipping
Refreshing native plugins compatible for Editor in 0.27 ms, found 0 plugins.
Preloading 0 native plugins for Editor in 0.00 ms.
Unloading 1111 Unused Serialized files (Serialized files now loaded: 0)
System memory in use before: 61.6 MB.
System memory in use after: 61.7 MB.

Unloading 5 unused Assets to reduce memory usage. Loaded Objects now: 1662.
Total: 2.649600 ms (FindLiveObjects: 0.271200 ms CreateObjectMapping: 0.053600 ms MarkObjects: 2.228500 ms  DeleteObjects: 0.094500 ms)

========================================================================
Received Prepare
Registering precompiled user dll's ...
Registered in 0.000860 seconds.
Begin MonoManager ReloadAssembly
Native extension for WindowsStandalone target not found
Native extension for WebGL target not found
Refreshing native plugins compatible for Editor in 0.29 ms, found 0 plugins.
Preloading 0 native plugins for Editor in 0.00 ms.
Invoked RoslynAnalysisRunner static constructor.
RoslynAnalysisRunner will not be running.
RoslynAnalysisRunner has terminated.
Mono: successfully reloaded assembly
- Completed reload, in  0.969 seconds
Platform modules already initialized, skipping
Refreshing native plugins compatible for Editor in 0.27 ms, found 0 plugins.
Preloading 0 native plugins for Editor in 0.00 ms.
Unloading 1111 Unused Serialized files (Serialized files now loaded: 0)
System memory in use before: 61.6 MB.
System memory in use after: 61.7 MB.

Unloading 5 unused Assets to reduce memory usage. Loaded Objects now: 1665.
Total: 4.765500 ms (FindLiveObjects: 0.439100 ms CreateObjectMapping: 0.136500 ms MarkObjects: 4.048000 ms  DeleteObjects: 0.137600 ms)

========================================================================
Received Prepare
Registering precompiled user dll's ...
Registered in 0.000830 seconds.
Begin MonoManager ReloadAssembly
Native extension for WindowsStandalone target not found
Native extension for WebGL target not found
Refreshing native plugins compatible for Editor in 0.61 ms, found 0 plugins.
Preloading 0 native plugins for Editor in 0.00 ms.
Invoked RoslynAnalysisRunner static constructor.
RoslynAnalysisRunner will not be running.
RoslynAnalysisRunner has terminated.
Mono: successfully reloaded assembly
- Completed reload, in  0.992 seconds
Platform modules already initialized, skipping
Refreshing native plugins compatible for Editor in 0.27 ms, found 0 plugins.
Preloading 0 native plugins for Editor in 0.00 ms.
Unloading 1111 Unused Serialized files (Serialized files now loaded: 0)
System memory in use before: 61.6 MB.
System memory in use after: 61.7 MB.

Unloading 5 unused Assets to reduce memory usage. Loaded Objects now: 1668.
Total: 3.548700 ms (FindLiveObjects: 0.803400 ms CreateObjectMapping: 0.152800 ms MarkObjects: 2.469200 ms  DeleteObjects: 0.117700 ms)

========================================================================
Received Prepare
Registering precompiled user dll's ...
Registered in 0.000841 seconds.
Begin MonoManager ReloadAssembly
Native extension for WindowsStandalone target not found
Native extension for WebGL target not found
Refreshing native plugins compatible for Editor in 0.40 ms, found 0 plugins.
Preloading 0 native plugins for Editor in 0.00 ms.
Invoked RoslynAnalysisRunner static constructor.
RoslynAnalysisRunner will not be running.
RoslynAnalysisRunner has terminated.
Mono: successfully reloaded assembly
- Completed reload, in  0.934 seconds
Platform modules already initialized, skipping
Refreshing native plugins compatible for Editor in 0.27 ms, found 0 plugins.
Preloading 0 native plugins for Editor in 0.00 ms.
Unloading 1111 Unused Serialized files (Serialized files now loaded: 0)
System memory in use before: 61.7 MB.
System memory in use after: 61.7 MB.

Unloading 5 unused Assets to reduce memory usage. Loaded Objects now: 1671.
Total: 2.497800 ms (FindLiveObjects: 0.250500 ms CreateObjectMapping: 0.049700 ms MarkObjects: 2.102900 ms  DeleteObjects: 0.092900 ms)

========================================================================
Received Import Request.
  Time since last request: 2024.268152 seconds.
  path: Assets/Scripts/GameManager.cs
  artifactKey: Guid(b06e99663226f974fa349a2f47a88ba2) Importer(815301076,1909f56bfc062723c751e8b465ee728b)
Start importing Assets/Scripts/GameManager.cs using Guid(b06e99663226f974fa349a2f47a88ba2) Importer(815301076,1909f56bfc062723c751e8b465ee728b)  -> (artifact id: 'f3ecd7c7f39eb06cb4123644ab7b79e7') in 0.014349 seconds
  Import took 0.050735 seconds .

========================================================================
Received Prepare
Registering precompiled user dll's ...
Registered in 0.001042 seconds.
Begin MonoManager ReloadAssembly
Native extension for WindowsStandalone target not found
Native extension for WebGL target not found
Refreshing native plugins compatible for Editor in 0.29 ms, found 0 plugins.
Preloading 0 native plugins for Editor in 0.00 ms.
Invoked RoslynAnalysisRunner static constructor.
RoslynAnalysisRunner will not be running.
RoslynAnalysisRunner has terminated.
Mono: successfully reloaded assembly
- Completed reload, in  0.912 seconds
Platform modules already initialized, skipping
Refreshing native plugins compatible for Editor in 0.29 ms, found 0 plugins.
Preloading 0 native plugins for Editor in 0.00 ms.
Unloading 1111 Unused Serialized files (Serialized files now loaded: 0)
System memory in use before: 61.7 MB.
System memory in use after: 61.7 MB.

Unloading 5 unused Assets to reduce memory usage. Loaded Objects now: 1674.
Total: 2.505600 ms (FindLiveObjects: 0.254100 ms CreateObjectMapping: 0.047700 ms MarkObjects: 2.115000 ms  DeleteObjects: 0.086800 ms)

========================================================================
Received Prepare
Registering precompiled user dll's ...
Registered in 0.000819 seconds.
Begin MonoManager ReloadAssembly
Native extension for WindowsStandalone target not found
Native extension for WebGL target not found
Refreshing native plugins compatible for Editor in 0.29 ms, found 0 plugins.
Preloading 0 native plugins for Editor in 0.00 ms.
Invoked RoslynAnalysisRunner static constructor.
RoslynAnalysisRunner will not be running.
RoslynAnalysisRunner has terminated.
Mono: successfully reloaded assembly
- Completed reload, in  0.932 seconds
Platform modules already initialized, skipping
Refreshing native plugins compatible for Editor in 0.31 ms, found 0 plugins.
Preloading 0 native plugins for Editor in 0.00 ms.
Unloading 1111 Unused Serialized files (Serialized files now loaded: 0)
System memory in use before: 61.7 MB.
System memory in use after: 61.7 MB.

Unloading 5 unused Assets to reduce memory usage. Loaded Objects now: 1677.
Total: 3.166900 ms (FindLiveObjects: 0.328400 ms CreateObjectMapping: 0.172400 ms MarkObjects: 2.543900 ms  DeleteObjects: 0.118600 ms)

========================================================================
Received Prepare
Registering precompiled user dll's ...
Registered in 0.000802 seconds.
Begin MonoManager ReloadAssembly
Native extension for WindowsStandalone target not found
Native extension for WebGL target not found
Refreshing native plugins compatible for Editor in 0.29 ms, found 0 plugins.
Preloading 0 native plugins for Editor in 0.00 ms.
Invoked RoslynAnalysisRunner static constructor.
RoslynAnalysisRunner will not be running.
RoslynAnalysisRunner has terminated.
Mono: successfully reloaded assembly
- Completed reload, in  0.949 seconds
Platform modules already initialized, skipping
Refreshing native plugins compatible for Editor in 0.26 ms, found 0 plugins.
Preloading 0 native plugins for Editor in 0.00 ms.
Unloading 1111 Unused Serialized files (Serialized files now loaded: 0)
System memory in use before: 61.7 MB.
System memory in use after: 61.7 MB.

Unloading 5 unused Assets to reduce memory usage. Loaded Objects now: 1680.
Total: 4.132600 ms (FindLiveObjects: 0.569600 ms CreateObjectMapping: 0.098300 ms MarkObjects: 3.331500 ms  DeleteObjects: 0.127800 ms)

========================================================================
Received Prepare
Registering precompiled user dll's ...
Registered in 0.000744 seconds.
Begin MonoManager ReloadAssembly
Native extension for WindowsStandalone target not found
Native extension for WebGL target not found
Refreshing native plugins compatible for Editor in 0.26 ms, found 0 plugins.
Preloading 0 native plugins for Editor in 0.00 ms.
Invoked RoslynAnalysisRunner static constructor.
RoslynAnalysisRunner will not be running.
RoslynAnalysisRunner has terminated.
Mono: successfully reloaded assembly
- Completed reload, in  0.926 seconds
Platform modules already initialized, skipping
Refreshing native plugins compatible for Editor in 0.27 ms, found 0 plugins.
Preloading 0 native plugins for Editor in 0.00 ms.
Unloading 1111 Unused Serialized files (Serialized files now loaded: 0)
System memory in use before: 61.7 MB.
System memory in use after: 61.8 MB.

Unloading 5 unused Assets to reduce memory usage. Loaded Objects now: 1683.
Total: 2.452800 ms (FindLiveObjects: 0.217100 ms CreateObjectMapping: 0.044000 ms MarkObjects: 2.110800 ms  DeleteObjects: 0.079600 ms)

========================================================================
Received Prepare
Registering precompiled user dll's ...
Registered in 0.000831 seconds.
Begin MonoManager ReloadAssembly
Native extension for WindowsStandalone target not found
Native extension for WebGL target not found
Refreshing native plugins compatible for Editor in 0.27 ms, found 0 plugins.
Preloading 0 native plugins for Editor in 0.00 ms.
Invoked RoslynAnalysisRunner static constructor.
RoslynAnalysisRunner will not be running.
RoslynAnalysisRunner has terminated.
Mono: successfully reloaded assembly
- Completed reload, in  0.993 seconds
Platform modules already initialized, skipping
Refreshing native plugins compatible for Editor in 0.26 ms, found 0 plugins.
Preloading 0 native plugins for Editor in 0.00 ms.
Unloading 1111 Unused Serialized files (Serialized files now loaded: 0)
System memory in use before: 61.7 MB.
System memory in use after: 61.8 MB.

Unloading 5 unused Assets to reduce memory usage. Loaded Objects now: 1686.
Total: 2.753100 ms (FindLiveObjects: 0.292600 ms CreateObjectMapping: 0.043000 ms MarkObjects: 2.322200 ms  DeleteObjects: 0.093400 ms)

========================================================================
Received Prepare
Registering precompiled user dll's ...
Registered in 0.000812 seconds.
Begin MonoManager ReloadAssembly
Native extension for WindowsStandalone target not found
Native extension for WebGL target not found
Refreshing native plugins compatible for Editor in 0.27 ms, found 0 plugins.
Preloading 0 native plugins for Editor in 0.00 ms.
Invoked RoslynAnalysisRunner static constructor.
RoslynAnalysisRunner will not be running.
RoslynAnalysisRunner has terminated.
Mono: successfully reloaded assembly
- Completed reload, in  0.962 seconds
Platform modules already initialized, skipping
Refreshing native plugins compatible for Editor in 0.32 ms, found 0 plugins.
Preloading 0 native plugins for Editor in 0.00 ms.
Unloading 1111 Unused Serialized files (Serialized files now loaded: 0)
System memory in use before: 61.7 MB.
System memory in use after: 61.8 MB.

Unloading 5 unused Assets to reduce memory usage. Loaded Objects now: 1689.
Total: 2.868300 ms (FindLiveObjects: 0.256300 ms CreateObjectMapping: 0.054300 ms MarkObjects: 2.464500 ms  DeleteObjects: 0.091200 ms)

========================================================================
Received Prepare
Registering precompiled user dll's ...
Registered in 0.000931 seconds.
Begin MonoManager ReloadAssembly
Native extension for WindowsStandalone target not found
Native extension for WebGL target not found
Refreshing native plugins compatible for Editor in 0.26 ms, found 0 plugins.
Preloading 0 native plugins for Editor in 0.00 ms.
Invoked RoslynAnalysisRunner static constructor.
RoslynAnalysisRunner will not be running.
RoslynAnalysisRunner has terminated.
Mono: successfully reloaded assembly
- Completed reload, in  0.922 seconds
Platform modules already initialized, skipping
Refreshing native plugins compatible for Editor in 0.26 ms, found 0 plugins.
Preloading 0 native plugins for Editor in 0.00 ms.
Unloading 1111 Unused Serialized files (Serialized files now loaded: 0)
System memory in use before: 61.7 MB.
System memory in use after: 61.8 MB.

Unloading 5 unused Assets to reduce memory usage. Loaded Objects now: 1692.
Total: 2.623100 ms (FindLiveObjects: 0.281500 ms CreateObjectMapping: 0.055900 ms MarkObjects: 2.193200 ms  DeleteObjects: 0.090400 ms)

========================================================================
Received Prepare
Registering precompiled user dll's ...
Registered in 0.000869 seconds.
Begin MonoManager ReloadAssembly
Native extension for WindowsStandalone target not found
Native extension for WebGL target not found
Refreshing native plugins compatible for Editor in 0.27 ms, found 0 plugins.
Preloading 0 native plugins for Editor in 0.00 ms.
Invoked RoslynAnalysisRunner static constructor.
RoslynAnalysisRunner will not be running.
RoslynAnalysisRunner has terminated.
Mono: successfully reloaded assembly
- Completed reload, in  0.922 seconds
Platform modules already initialized, skipping
Refreshing native plugins compatible for Editor in 0.26 ms, found 0 plugins.
Preloading 0 native plugins for Editor in 0.00 ms.
Unloading 1111 Unused Serialized files (Serialized files now loaded: 0)
System memory in use before: 61.7 MB.
System memory in use after: 61.8 MB.

Unloading 5 unused Assets to reduce memory usage. Loaded Objects now: 1695.
Total: 2.312600 ms (FindLiveObjects: 0.243200 ms CreateObjectMapping: 0.044700 ms MarkObjects: 1.935400 ms  DeleteObjects: 0.087600 ms)

========================================================================
Received Import Request.
  Time since last request: 3132.298903 seconds.
  path: Assets/Scripts/DifficultyButton.cs
  artifactKey: Guid(30d14016b61a263469822fa8250bd87e) Importer(815301076,1909f56bfc062723c751e8b465ee728b)
Start importing Assets/Scripts/DifficultyButton.cs using Guid(30d14016b61a263469822fa8250bd87e) Importer(815301076,1909f56bfc062723c751e8b465ee728b)  -> (artifact id: '5913cc4d6e84e70a33673dd3976bfdfb') in 0.086329 seconds
  Import took 0.153675 seconds .

========================================================================
Received Prepare
Registering precompiled user dll's ...
Registered in 0.001102 seconds.
Begin MonoManager ReloadAssembly
Native extension for WindowsStandalone target not found
Native extension for WebGL target not found
Refreshing native plugins compatible for Editor in 0.27 ms, found 0 plugins.
Preloading 0 native plugins for Editor in 0.00 ms.
Invoked RoslynAnalysisRunner static constructor.
RoslynAnalysisRunner will not be running.
RoslynAnalysisRunner has terminated.
Mono: successfully reloaded assembly
- Completed reload, in  0.954 seconds
Platform modules already initialized, skipping
Refreshing native plugins compatible for Editor in 0.29 ms, found 0 plugins.
Preloading 0 native plugins for Editor in 0.00 ms.
Unloading 1112 Unused Serialized files (Serialized files now loaded: 0)
System memory in use before: 61.7 MB.
System memory in use after: 61.8 MB.

Unloading 5 unused Assets to reduce memory usage. Loaded Objects now: 1699.
Total: 2.466300 ms (FindLiveObjects: 0.261800 ms CreateObjectMapping: 0.044800 ms MarkObjects: 2.072600 ms  DeleteObjects: 0.085800 ms)

========================================================================
Received Import Request.
  Time since last request: 132.626905 seconds.
  path: Assets/Scripts/GameManager.cs
  artifactKey: Guid(b06e99663226f974fa349a2f47a88ba2) Importer(815301076,1909f56bfc062723c751e8b465ee728b)
Start importing Assets/Scripts/GameManager.cs using Guid(b06e99663226f974fa349a2f47a88ba2) Importer(815301076,1909f56bfc062723c751e8b465ee728b)  -> (artifact id: '79b045c5d0eb9542da2493f80d1c20f4') in 0.039823 seconds
  Import took 0.118911 seconds .

========================================================================
Received Prepare
Registering precompiled user dll's ...
Registered in 0.001590 seconds.
Begin MonoManager ReloadAssembly
Native extension for WindowsStandalone target not found
Native extension for WebGL target not found
Refreshing native plugins compatible for Editor in 0.83 ms, found 0 plugins.
Preloading 0 native plugins for Editor in 0.00 ms.
Invoked RoslynAnalysisRunner static constructor.
RoslynAnalysisRunner will not be running.
RoslynAnalysisRunner has terminated.
Mono: successfully reloaded assembly
- Completed reload, in  2.059 seconds
Platform modules already initialized, skipping
Refreshing native plugins compatible for Editor in 0.58 ms, found 0 plugins.
Preloading 0 native plugins for Editor in 0.00 ms.
Unloading 1112 Unused Serialized files (Serialized files now loaded: 0)
System memory in use before: 61.7 MB.
System memory in use after: 61.8 MB.

Unloading 5 unused Assets to reduce memory usage. Loaded Objects now: 1702.
Total: 6.008600 ms (FindLiveObjects: 0.641900 ms CreateObjectMapping: 0.109200 ms MarkObjects: 5.086600 ms  DeleteObjects: 0.165400 ms)

========================================================================
Received Import Request.
  Time since last request: 72.556706 seconds.
  path: Assets/Scripts/DifficultyButton.cs
  artifactKey: Guid(30d14016b61a263469822fa8250bd87e) Importer(815301076,1909f56bfc062723c751e8b465ee728b)
Start importing Assets/Scripts/DifficultyButton.cs using Guid(30d14016b61a263469822fa8250bd87e) Importer(815301076,1909f56bfc062723c751e8b465ee728b)  -> (artifact id: '2c215b8fee6ed0eb92b46db13c64239e') in 0.011667 seconds
  Import took 0.031261 seconds .

========================================================================
Received Prepare
Registering precompiled user dll's ...
Registered in 0.001771 seconds.
Begin MonoManager ReloadAssembly
Native extension for WindowsStandalone target not found
Native extension for WebGL target not found
Refreshing native plugins compatible for Editor in 0.74 ms, found 0 plugins.
Preloading 0 native plugins for Editor in 0.00 ms.
Invoked RoslynAnalysisRunner static constructor.
RoslynAnalysisRunner will not be running.
RoslynAnalysisRunner has terminated.
Mono: successfully reloaded assembly
- Completed reload, in  1.974 seconds
Platform modules already initialized, skipping
Refreshing native plugins compatible for Editor in 0.56 ms, found 0 plugins.
Preloading 0 native plugins for Editor in 0.00 ms.
Unloading 1112 Unused Serialized files (Serialized files now loaded: 0)
System memory in use before: 61.7 MB.
System memory in use after: 61.8 MB.

Unloading 5 unused Assets to reduce memory usage. Loaded Objects now: 1705.
Total: 4.611400 ms (FindLiveObjects: 0.403400 ms CreateObjectMapping: 0.109600 ms MarkObjects: 3.935800 ms  DeleteObjects: 0.158900 ms)

========================================================================
Received Import Request.
  Time since last request: 18.128383 seconds.
  path: Assets/Scripts/DifficultyButton.cs
  artifactKey: Guid(30d14016b61a263469822fa8250bd87e) Importer(815301076,1909f56bfc062723c751e8b465ee728b)
Start importing Assets/Scripts/DifficultyButton.cs using Guid(30d14016b61a263469822fa8250bd87e) Importer(815301076,1909f56bfc062723c751e8b465ee728b)  -> (artifact id: 'b2dec14da1be713e44d02ae5825dd005') in 0.011587 seconds
  Import took 0.016736 seconds .

========================================================================
Received Prepare
Registering precompiled user dll's ...
Registered in 0.002304 seconds.
Begin MonoManager ReloadAssembly
Native extension for WindowsStandalone target not found
Native extension for WebGL target not found
Refreshing native plugins compatible for Editor in 0.58 ms, found 0 plugins.
Preloading 0 native plugins for Editor in 0.00 ms.
Invoked RoslynAnalysisRunner static constructor.
RoslynAnalysisRunner will not be running.
RoslynAnalysisRunner has terminated.
Mono: successfully reloaded assembly
- Completed reload, in  2.209 seconds
Platform modules already initialized, skipping
Refreshing native plugins compatible for Editor in 2.75 ms, found 0 plugins.
Preloading 0 native plugins for Editor in 0.00 ms.
Unloading 1112 Unused Serialized files (Serialized files now loaded: 0)
System memory in use before: 61.7 MB.
System memory in use after: 61.8 MB.

Unloading 5 unused Assets to reduce memory usage. Loaded Objects now: 1708.
Total: 7.827300 ms (FindLiveObjects: 0.558700 ms CreateObjectMapping: 0.111100 ms MarkObjects: 6.935600 ms  DeleteObjects: 0.216000 ms)

========================================================================
Received Prepare
Registering precompiled user dll's ...
Registered in 0.008603 seconds.
Begin MonoManager ReloadAssembly
Native extension for WindowsStandalone target not found
Native extension for WebGL target not found
Refreshing native plugins compatible for Editor in 0.44 ms, found 0 plugins.
Preloading 0 native plugins for Editor in 0.00 ms.
Invoked RoslynAnalysisRunner static constructor.
RoslynAnalysisRunner will not be running.
RoslynAnalysisRunner has terminated.
Mono: successfully reloaded assembly
- Completed reload, in  1.501 seconds
Platform modules already initialized, skipping
Refreshing native plugins compatible for Editor in 0.29 ms, found 0 plugins.
Preloading 0 native plugins for Editor in 0.00 ms.
Unloading 1112 Unused Serialized files (Serialized files now loaded: 0)
System memory in use before: 61.7 MB.
System memory in use after: 61.8 MB.

Unloading 5 unused Assets to reduce memory usage. Loaded Objects now: 1711.
Total: 3.222600 ms (FindLiveObjects: 0.273800 ms CreateObjectMapping: 0.049100 ms MarkObjects: 2.769200 ms  DeleteObjects: 0.128500 ms)

========================================================================
Received Prepare
Registering precompiled user dll's ...
Registered in 0.000950 seconds.
Begin MonoManager ReloadAssembly
Native extension for WindowsStandalone target not found
Native extension for WebGL target not found
Refreshing native plugins compatible for Editor in 0.28 ms, found 0 plugins.
Preloading 0 native plugins for Editor in 0.00 ms.
Invoked RoslynAnalysisRunner static constructor.
RoslynAnalysisRunner will not be running.
RoslynAnalysisRunner has terminated.
Mono: successfully reloaded assembly
- Completed reload, in  0.969 seconds
Platform modules already initialized, skipping
Refreshing native plugins compatible for Editor in 0.27 ms, found 0 plugins.
Preloading 0 native plugins for Editor in 0.00 ms.
Unloading 1112 Unused Serialized files (Serialized files now loaded: 0)
System memory in use before: 61.8 MB.
System memory in use after: 61.8 MB.

Unloading 5 unused Assets to reduce memory usage. Loaded Objects now: 1714.
Total: 2.995200 ms (FindLiveObjects: 0.274300 ms CreateObjectMapping: 0.062100 ms MarkObjects: 2.549200 ms  DeleteObjects: 0.107000 ms)

AssetImportWorkerClient::OnTransportError - code=2 error=End of file
